[debug] [2026-04-04T11:59:32.688Z] ----------------------------------------------------------------------
[debug] [2026-04-04T11:59:32.692Z] Command:       C:\Program Files\nodejs\node.exe C:\Users\ISHANT\AppData\Roaming\npm\node_modules\firebase-tools\lib\bin\firebase.js projects:create taskflow-kng-04 --display-name TaskFlow
[debug] [2026-04-04T11:59:32.693Z] CLI Version:   15.13.0
[debug] [2026-04-04T11:59:32.693Z] Platform:      win32
[debug] [2026-04-04T11:59:32.693Z] Node Version:  v24.14.1
[debug] [2026-04-04T11:59:32.693Z] Time:          Sat Apr 04 2026 17:29:32 GMT+0530 (India Standard Time)
[debug] [2026-04-04T11:59:32.693Z] ----------------------------------------------------------------------
[debug] 
[debug] [2026-04-04T11:59:32.703Z] > command requires scopes: ["email","openid","https://www.googleapis.com/auth/cloudplatformprojects.readonly","https://www.googleapis.com/auth/firebase","https://www.googleapis.com/auth/cloud-platform"]
[debug] [2026-04-04T11:59:32.703Z] > authorizing via signed-in user (kanishkg511@gmail.com)
[debug] [2026-04-04T11:59:32.708Z] Checked if tokens are valid: true, expires at: 1775307395886
[debug] [2026-04-04T11:59:32.709Z] Checked if tokens are valid: true, expires at: 1775307395886
[debug] [2026-04-04T11:59:32.710Z] >>> [apiv2][query] POST https://cloudresourcemanager.googleapis.com/v1/projects [none]
[debug] [2026-04-04T11:59:32.710Z] >>> [apiv2][body] POST https://cloudresourcemanager.googleapis.com/v1/projects {"projectId":"taskflow-kng-04","name":"TaskFlow"}
[debug] [2026-04-04T11:59:34.443Z] <<< [apiv2][status] POST https://cloudresourcemanager.googleapis.com/v1/projects 200
[debug] [2026-04-04T11:59:34.443Z] <<< [apiv2][body] POST https://cloudresourcemanager.googleapis.com/v1/projects {"name":"operations/create_project.global.5514210585615515712"}
[debug] [2026-04-04T11:59:34.444Z] Checked if tokens are valid: true, expires at: 1775307395886
[debug] [2026-04-04T11:59:34.444Z] Checked if tokens are valid: true, expires at: 1775307395886
[debug] [2026-04-04T11:59:34.445Z] >>> [apiv2][query] GET https://cloudresourcemanager.googleapis.com/v1/operations/create_project.global.5514210585615515712 [none]
[debug] [2026-04-04T11:59:35.886Z] <<< [apiv2][status] GET https://cloudresourcemanager.googleapis.com/v1/operations/create_project.global.5514210585615515712 200
[debug] [2026-04-04T11:59:35.886Z] <<< [apiv2][body] GET https://cloudresourcemanager.googleapis.com/v1/operations/create_project.global.5514210585615515712 {"name":"operations/create_project.global.5514210585615515712"}
[debug] [2026-04-04T11:59:36.392Z] [Project Creation Poller] Retrying task index 0
[debug] [2026-04-04T11:59:36.394Z] Checked if tokens are valid: true, expires at: 1775307395886
[debug] [2026-04-04T11:59:36.395Z] Checked if tokens are valid: true, expires at: 1775307395886
[debug] [2026-04-04T11:59:36.396Z] >>> [apiv2][query] GET https://cloudresourcemanager.googleapis.com/v1/operations/create_project.global.5514210585615515712 [none]
[debug] [2026-04-04T11:59:36.729Z] <<< [apiv2][status] GET https://cloudresourcemanager.googleapis.com/v1/operations/create_project.global.5514210585615515712 200
[debug] [2026-04-04T11:59:36.730Z] <<< [apiv2][body] GET https://cloudresourcemanager.googleapis.com/v1/operations/create_project.global.5514210585615515712 {"name":"operations/create_project.global.5514210585615515712","metadata":{"@type":"type.googleapis.com/google.cloudresourcemanager.v1.ProjectCreationStatus","gettable":true,"ready":true},"done":true,"response":{"@type":"type.googleapis.com/google.cloudresourcemanager.v1.Project","projectNumber":"159026320967","projectId":"taskflow-kng-04","lifecycleState":"ACTIVE","name":"TaskFlow","createTime":"2026-04-04T11:59:37.001Z"}}
[debug] [2026-04-04T11:59:36.738Z] Checked if tokens are valid: true, expires at: 1775307395886
[debug] [2026-04-04T11:59:36.738Z] Checked if tokens are valid: true, expires at: 1775307395886
[debug] [2026-04-04T11:59:36.738Z] >>> [apiv2][query] POST https://firebase.googleapis.com/v1beta1/projects/taskflow-kng-04:addFirebase [none]
[debug] [2026-04-04T11:59:38.298Z] <<< [apiv2][status] POST https://firebase.googleapis.com/v1beta1/projects/taskflow-kng-04:addFirebase 403
[debug] [2026-04-04T11:59:38.298Z] <<< [apiv2][body] POST https://firebase.googleapis.com/v1beta1/projects/taskflow-kng-04:addFirebase {"error":{"code":403,"message":"The caller does not have permission","status":"PERMISSION_DENIED"}}
[debug] [2026-04-04T11:59:38.300Z] Request to https://firebase.googleapis.com/v1beta1/projects/taskflow-kng-04:addFirebase had HTTP Error: 403, The caller does not have permission
[debug] [2026-04-04T11:59:38.460Z] FirebaseError: Request to https://firebase.googleapis.com/v1beta1/projects/taskflow-kng-04:addFirebase had HTTP Error: 403, The caller does not have permission
    at responseToError (C:\Users\ISHANT\AppData\Roaming\npm\node_modules\firebase-tools\lib\responseToError.js:53:12)
    at RetryOperation._fn (C:\Users\ISHANT\AppData\Roaming\npm\node_modules\firebase-tools\lib\apiv2.js:333:77)
    at process.processTicksAndRejections (node:internal/process/task_queues:104:5)
[error] 
[error] Error: Failed to add Firebase to Google Cloud Platform project. See firebase-debug.log for more info.
[debug] [2026-04-04T11:59:53.152Z] ----------------------------------------------------------------------
[debug] [2026-04-04T11:59:53.156Z] Command:       C:\Program Files\nodejs\node.exe C:\Users\ISHANT\AppData\Roaming\npm\node_modules\firebase-tools\lib\bin\firebase.js projects:create taskflow-kng-x7q9 --display-name TaskFlow
[debug] [2026-04-04T11:59:53.156Z] CLI Version:   15.13.0
[debug] [2026-04-04T11:59:53.156Z] Platform:      win32
[debug] [2026-04-04T11:59:53.156Z] Node Version:  v24.14.1
[debug] [2026-04-04T11:59:53.156Z] Time:          Sat Apr 04 2026 17:29:53 GMT+0530 (India Standard Time)
[debug] [2026-04-04T11:59:53.157Z] ----------------------------------------------------------------------
[debug] 
[debug] [2026-04-04T11:59:53.167Z] > command requires scopes: ["email","openid","https://www.googleapis.com/auth/cloudplatformprojects.readonly","https://www.googleapis.com/auth/firebase","https://www.googleapis.com/auth/cloud-platform"]
[debug] [2026-04-04T11:59:53.167Z] > authorizing via signed-in user (kanishkg511@gmail.com)
[debug] [2026-04-04T11:59:53.171Z] Checked if tokens are valid: true, expires at: 1775307395886
[debug] [2026-04-04T11:59:53.172Z] Checked if tokens are valid: true, expires at: 1775307395886
[debug] [2026-04-04T11:59:53.173Z] >>> [apiv2][query] POST https://cloudresourcemanager.googleapis.com/v1/projects [none]
[debug] [2026-04-04T11:59:53.173Z] >>> [apiv2][body] POST https://cloudresourcemanager.googleapis.com/v1/projects {"projectId":"taskflow-kng-x7q9","name":"TaskFlow"}
[debug] [2026-04-04T11:59:54.795Z] <<< [apiv2][status] POST https://cloudresourcemanager.googleapis.com/v1/projects 200
[debug] [2026-04-04T11:59:54.796Z] <<< [apiv2][body] POST https://cloudresourcemanager.googleapis.com/v1/projects {"name":"operations/create_project.global.6071342836543925555"}
[debug] [2026-04-04T11:59:54.797Z] Checked if tokens are valid: true, expires at: 1775307395886
[debug] [2026-04-04T11:59:54.798Z] Checked if tokens are valid: true, expires at: 1775307395886
[debug] [2026-04-04T11:59:54.798Z] >>> [apiv2][query] GET https://cloudresourcemanager.googleapis.com/v1/operations/create_project.global.6071342836543925555 [none]
[debug] [2026-04-04T11:59:56.216Z] <<< [apiv2][status] GET https://cloudresourcemanager.googleapis.com/v1/operations/create_project.global.6071342836543925555 200
[debug] [2026-04-04T11:59:56.216Z] <<< [apiv2][body] GET https://cloudresourcemanager.googleapis.com/v1/operations/create_project.global.6071342836543925555 {"name":"operations/create_project.global.6071342836543925555"}
[debug] [2026-04-04T11:59:56.728Z] [Project Creation Poller] Retrying task index 0
[debug] [2026-04-04T11:59:56.729Z] Checked if tokens are valid: true, expires at: 1775307395886
[debug] [2026-04-04T11:59:56.729Z] Checked if tokens are valid: true, expires at: 1775307395886
[debug] [2026-04-04T11:59:56.729Z] >>> [apiv2][query] GET https://cloudresourcemanager.googleapis.com/v1/operations/create_project.global.6071342836543925555 [none]
[debug] [2026-04-04T11:59:57.039Z] <<< [apiv2][status] GET https://cloudresourcemanager.googleapis.com/v1/operations/create_project.global.6071342836543925555 200
[debug] [2026-04-04T11:59:57.039Z] <<< [apiv2][body] GET https://cloudresourcemanager.googleapis.com/v1/operations/create_project.global.6071342836543925555 {"name":"operations/create_project.global.6071342836543925555","metadata":{"@type":"type.googleapis.com/google.cloudresourcemanager.v1.ProjectCreationStatus","gettable":true,"ready":true},"done":true,"response":{"@type":"type.googleapis.com/google.cloudresourcemanager.v1.Project","projectNumber":"378638775066","projectId":"taskflow-kng-x7q9","lifecycleState":"ACTIVE","name":"TaskFlow","createTime":"2026-04-04T11:59:57.472Z"}}
[debug] [2026-04-04T11:59:57.041Z] Checked if tokens are valid: true, expires at: 1775307395886
[debug] [2026-04-04T11:59:57.042Z] Checked if tokens are valid: true, expires at: 1775307395886
[debug] [2026-04-04T11:59:57.042Z] >>> [apiv2][query] POST https://firebase.googleapis.com/v1beta1/projects/taskflow-kng-x7q9:addFirebase [none]
[debug] [2026-04-04T11:59:58.483Z] <<< [apiv2][status] POST https://firebase.googleapis.com/v1beta1/projects/taskflow-kng-x7q9:addFirebase 403
[debug] [2026-04-04T11:59:58.483Z] <<< [apiv2][body] POST https://firebase.googleapis.com/v1beta1/projects/taskflow-kng-x7q9:addFirebase {"error":{"code":403,"message":"The caller does not have permission","status":"PERMISSION_DENIED"}}
[debug] [2026-04-04T11:59:58.484Z] Request to https://firebase.googleapis.com/v1beta1/projects/taskflow-kng-x7q9:addFirebase had HTTP Error: 403, The caller does not have permission
[debug] [2026-04-04T11:59:58.637Z] FirebaseError: Request to https://firebase.googleapis.com/v1beta1/projects/taskflow-kng-x7q9:addFirebase had HTTP Error: 403, The caller does not have permission
    at responseToError (C:\Users\ISHANT\AppData\Roaming\npm\node_modules\firebase-tools\lib\responseToError.js:53:12)
    at RetryOperation._fn (C:\Users\ISHANT\AppData\Roaming\npm\node_modules\firebase-tools\lib\apiv2.js:333:77)
    at process.processTicksAndRejections (node:internal/process/task_queues:104:5)
[error] 
[error] Error: Failed to add Firebase to Google Cloud Platform project. See firebase-debug.log for more info.
